demo_drm/build/outputs/logs/manifest-merger-debug-report.txt
-- Merging decision tree log ---
manifest
ADDED from src\main\AndroidManifest.xml:2:1-56:12
	xmlns:android
		ADDED from src\main\AndroidManifest.xml:2:11-69
	package
		ADDED from src\main\AndroidManifest.xml:3:5-45
		INJECTED from src\main\AndroidManifest.xml
		INJECTED from src\main\AndroidManifest.xml
	android:versionName
		ADDED from src\main\AndroidManifest.xml:5:5-30
		INJECTED from src\main\AndroidManifest.xml
		INJECTED from src\main\AndroidManifest.xml
	android:versionCode
		ADDED from src\main\AndroidManifest.xml:4:5-28
		INJECTED from src\main\AndroidManifest.xml
		INJECTED from src\main\AndroidManifest.xml
uses-sdk
ADDED from src\main\AndroidManifest.xml:7:5-9:41
	android:targetSdkVersion
		ADDED from src\main\AndroidManifest.xml:9:9-38
		INJECTED from src\main\AndroidManifest.xml
		INJECTED from src\main\AndroidManifest.xml
	android:minSdkVersion
		ADDED from src\main\AndroidManifest.xml:8:9-35
		INJECTED from src\main\AndroidManifest.xml
		INJECTED from src\main\AndroidManifest.xml
uses-permission#android.permission.INTERNET
ADDED from src\main\AndroidManifest.xml:11:5-67
	android:name
		ADDED from src\main\AndroidManifest.xml:11:22-64
uses-permission#android.permission.WRITE_EXTERNAL_STORAGE
ADDED from src\main\AndroidManifest.xml:12:5-81
	android:name
		ADDED from src\main\AndroidManifest.xml:12:22-78
uses-permission#android.permission.READ_LOGS
ADDED from src\main\AndroidManifest.xml:13:5-67
	android:name
		ADDED from src\main\AndroidManifest.xml:13:22-65
application
ADDED from src\main\AndroidManifest.xml:15:5-54:19
	android:label
		ADDED from src\main\AndroidManifest.xml:19:9-41
	android:allowBackup
		ADDED from src\main\AndroidManifest.xml:17:9-35
	android:icon
		ADDED from src\main\AndroidManifest.xml:18:9-45
	android:theme
		ADDED from src\main\AndroidManifest.xml:20:9-40
	android:name
		ADDED from src\main\AndroidManifest.xml:16:9-70
activity#com.bokecc.sdk.mobile.demo.drm.MainActivity
ADDED from src\main\AndroidManifest.xml:21:9-29:20
	android:screenOrientation
		ADDED from src\main\AndroidManifest.xml:24:13-49
	android:label
		ADDED from src\main\AndroidManifest.xml:23:13-45
	android:name
		ADDED from src\main\AndroidManifest.xml:22:13-71
intent-filter#android.intent.action.MAIN+android.intent.category.LAUNCHER
ADDED from src\main\AndroidManifest.xml:25:13-28:29
action#android.intent.action.MAIN
ADDED from src\main\AndroidManifest.xml:26:17-69
	android:name
		ADDED from src\main\AndroidManifest.xml:26:25-66
category#android.intent.category.LAUNCHER
ADDED from src\main\AndroidManifest.xml:27:17-77
	android:name
		ADDED from src\main\AndroidManifest.xml:27:27-74
activity#com.bokecc.sdk.mobile.demo.drm.download.DownloadListActivity
ADDED from src\main\AndroidManifest.xml:30:9-34:20
	android:screenOrientation
		ADDED from src\main\AndroidManifest.xml:33:13-49
	android:label
		ADDED from src\main\AndroidManifest.xml:32:13-50
	android:name
		ADDED from src\main\AndroidManifest.xml:31:13-88
activity#com.bokecc.sdk.mobile.demo.drm.play.MediaPlayActivity
ADDED from src\main\AndroidManifest.xml:35:9-40:20
	android:screenOrientation
		ADDED from src\main\AndroidManifest.xml:39:13-50
	android:label
		ADDED from src\main\AndroidManifest.xml:38:13-41
	android:configChanges
		ADDED from src\main\AndroidManifest.xml:37:13-74
	android:name
		ADDED from src\main\AndroidManifest.xml:36:13-81
service#com.bokecc.sdk.mobile.demo.drm.download.DownloadService
ADDED from src\main\AndroidManifest.xml:43:9-46:19
	android:enabled
		ADDED from src\main\AndroidManifest.xml:45:13-35
	android:name
		ADDED from src\main\AndroidManifest.xml:44:13-83
activity#com.bokecc.sdk.mobile.demo.drm.AccountInfoActivity
ADDED from src\main\AndroidManifest.xml:48:9-52:20
	android:screenOrientation
		ADDED from src\main\AndroidManifest.xml:51:13-49
	android:label
		ADDED from src\main\AndroidManifest.xml:50:13-49
	android:name
		ADDED from src\main\AndroidManifest.xml:49:13-78